0 info it worked if it ends with ok
1 verbose cli [ 'C:\\Program Files\\nodejs\\node.exe',
1 verbose cli   'C:\\Program Files\\nodejs\\node_modules\\npm\\bin\\npm-cli.js',
1 verbose cli   'run',
1 verbose cli   'build' ]
2 info using npm@3.10.10
3 info using node@v6.10.1
4 verbose run-script [ 'prebuild', 'build', 'postbuild' ]
5 info lifecycle clarity-tools@0.0.1~prebuild: clarity-tools@0.0.1
6 silly lifecycle clarity-tools@0.0.1~prebuild: no script for prebuild, continuing
7 info lifecycle clarity-tools@0.0.1~build: clarity-tools@0.0.1
8 verbose lifecycle clarity-tools@0.0.1~build: unsafe-perm in lifecycle true
9 verbose lifecycle clarity-tools@0.0.1~build: PATH: C:\Program Files\nodejs\node_modules\npm\bin\node-gyp-bin;D:\src\Clarity\clarity-tools\node_modules\.bin;C:\windows\system32;C:\windows;C:\windows\System32\Wbem;C:\windows\System32\WindowsPowerShell\v1.0\;C:\Program Files\Git\cmd;C:\Program Files (x86)\GitExtensions\;C:\Program Files\nodejs\;C:\GITCF;C:\Program Files (x86)\Windows Kits\10\Windows Performance Toolkit\;C:\Program Files (x86)\Magellan Toolset 4.75\;C:\Users\ssivov\AppData\Local\Temp\pipelinetools;C:\Program Files (x86)\Odd\;C:\Program Files\Microsoft SQL Server\120\Tools\Binn\;C:\Program Files\Microsoft SQL Server\130\Tools\Binn\;C:\Program Files (x86)\Gource\cmd;C:\Program Files\dotnet\;C:\Users\ssivov\AppData\Local\Microsoft\WindowsApps;C:\Program Files (x86)\Microsoft VS Code\bin;C:\Users\ssivov\AppData\Roaming\npm;D:\ClientGoldEnlistment
10 verbose lifecycle clarity-tools@0.0.1~build: CWD: D:\src\Clarity\clarity-tools
11 silly lifecycle clarity-tools@0.0.1~build: Args: [ '/d /s /c',
11 silly lifecycle   'npm run compile && npm run bundle:content && npm run binplace:extension && npm run bundle:visualization' ]
12 silly lifecycle clarity-tools@0.0.1~build: Returned: code: 1  signal: null
13 info lifecycle clarity-tools@0.0.1~build: Failed to exec build script
14 verbose stack Error: clarity-tools@0.0.1 build: `npm run compile && npm run bundle:content && npm run binplace:extension && npm run bundle:visualization`
14 verbose stack Exit status 1
14 verbose stack     at EventEmitter.<anonymous> (C:\Program Files\nodejs\node_modules\npm\lib\utils\lifecycle.js:255:16)
14 verbose stack     at emitTwo (events.js:106:13)
14 verbose stack     at EventEmitter.emit (events.js:191:7)
14 verbose stack     at ChildProcess.<anonymous> (C:\Program Files\nodejs\node_modules\npm\lib\utils\spawn.js:40:14)
14 verbose stack     at emitTwo (events.js:106:13)
14 verbose stack     at ChildProcess.emit (events.js:191:7)
14 verbose stack     at maybeClose (internal/child_process.js:886:16)
14 verbose stack     at Process.ChildProcess._handle.onexit (internal/child_process.js:226:5)
15 verbose pkgid clarity-tools@0.0.1
16 verbose cwd D:\src\Clarity\clarity-tools
17 error Windows_NT 10.0.14393
18 error argv "C:\\Program Files\\nodejs\\node.exe" "C:\\Program Files\\nodejs\\node_modules\\npm\\bin\\npm-cli.js" "run" "build"
19 error node v6.10.1
20 error npm  v3.10.10
21 error code ELIFECYCLE
22 error clarity-tools@0.0.1 build: `npm run compile && npm run bundle:content && npm run binplace:extension && npm run bundle:visualization`
22 error Exit status 1
23 error Failed at the clarity-tools@0.0.1 build script 'npm run compile && npm run bundle:content && npm run binplace:extension && npm run bundle:visualization'.
23 error Make sure you have the latest version of node.js and npm installed.
23 error If you do, this is most likely a problem with the clarity-tools package,
23 error not with npm itself.
23 error Tell the author that this fails on your system:
23 error     npm run compile && npm run bundle:content && npm run binplace:extension && npm run bundle:visualization
23 error You can get information on how to open an issue for this project with:
23 error     npm bugs clarity-tools
23 error Or if that isn't available, you can get their info via:
23 error     npm owner ls clarity-tools
23 error There is likely additional logging output above.
24 verbose exit [ 1, true ]
